Connected successfully
It's connected, we can rock the data!
Iteracja nr:  0
TEMP:  2018 10 12 11 45 0 129.0 129.0 0.0 190.0
HUMI:  2018 10 12 11 45 0 13.0 0.0 0.0 100.0
It's connected, we can rock the data!
Iteracja nr:  1
TEMP:  2018 10 12 11 45 20 129.3 129.3 0.0 190.0
HUMI:  2018 10 12 11 45 20 13.0 0.0 0.0 100.0
It's connected, we can rock the data!
Iteracja nr:  2
TEMP:  2018 10 12 11 45 40 129.6 129.6 0.0 190.0
HUMI:  2018 10 12 11 45 40 13.0 0.0 0.0 100.0
It's connected, we can rock the data!
Iteracja nr:  3
TEMP:  2018 10 12 11 46 0 129.9 129.9 0.0 190.0
HUMI:  2018 10 12 11 46 0 13.0 0.0 0.0 100.0
It's connected, we can rock the data!
Iteracja nr:  4
TEMP:  2018 10 12 11 46 20 130.2 130.0 0.0 190.0
HUMI:  2018 10 12 11 46 20 13.0 0.0 0.0 100.0
It's connected, we can rock the data!
Iteracja nr:  5
TEMP:  2018 10 12 11 46 40 130.2 130.0 0.0 190.0
HUMI:  2018 10 12 11 46 40 13.0 0.0 0.0 100.0
It's connected, we can rock the data!
Iteracja nr:  6
TEMP:  2018 10 12 11 47 0 130.0 130.0 0.0 190.0
HUMI:  2018 10 12 11 47 0 13.0 0.0 0.0 100.0
It's connected, we can rock the data!
Iteracja nr:  7
TEMP:  2018 10 12 11 47 20 130.1 130.0 0.0 190.0
HUMI:  2018 10 12 11 47 20 13.0 0.0 0.0 100.0
It's connected, we can rock the data!
Iteracja nr:  8
TEMP:  2018 10 12 11 47 40 130.1 130.0 0.0 190.0
HUMI:  2018 10 12 11 47 40 13.0 0.0 0.0 100.0
It's connected, we can rock the data!
Iteracja nr:  9
TEMP:  2018 10 12 11 48 0 130.1 130.0 0.0 190.0
HUMI:  2018 10 12 11 48 0 13.0 0.0 0.0 100.0
It's connected, we can rock the data!
Iteracja nr:  10
TEMP:  2018 10 12 11 48 20 130.1 130.0 0.0 190.0
HUMI:  2018 10 12 11 48 20 13.0 0.0 0.0 100.0
It's connected, we can rock the data!
Iteracja nr:  11
TEMP:  2018 10 12 11 48 40 130.1 130.0 0.0 190.0
HUMI:  2018 10 12 11 48 40 13.0 0.0 0.0 100.0
It's connected, we can rock the data!
Iteracja nr:  12
TEMP:  2018 10 12 11 49 0 130.1 130.0 0.0 190.0
HUMI:  2018 10 12 11 49 0 13.0 0.0 0.0 100.0
It's connected, we can rock the data!
Iteracja nr:  13
TEMP:  2018 10 12 11 49 20 130.1 130.0 0.0 190.0
HUMI:  2018 10 12 11 49 20 13.0 0.0 0.0 100.0
It's connected, we can rock the data!
Iteracja nr:  14
TEMP:  2018 10 12 11 49 40 130.0 130.0 0.0 190.0
HUMI:  2018 10 12 11 49 40 13.0 0.0 0.0 100.0
It's connected, we can rock the data!
Iteracja nr:  15
TEMP:  2018 10 12 11 50 0 130.1 130.0 0.0 190.0
HUMI:  2018 10 12 11 50 0 13.0 0.0 0.0 100.0
It's connected, we can rock the data!
Iteracja nr:  16
TEMP:  2018 10 12 11 50 20 130.1 130.0 0.0 190.0
HUMI:  2018 10 12 11 50 20 13.0 0.0 0.0 100.0
It's connected, we can rock the data!
Iteracja nr:  17
TEMP:  2018 10 12 11 50 40 130.0 130.0 0.0 190.0
HUMI:  2018 10 12 11 50 40 13.0 0.0 0.0 100.0
It's connected, we can rock the data!
Iteracja nr:  18
TEMP:  2018 10 12 11 51 0 130.1 130.0 0.0 190.0
HUMI:  2018 10 12 11 51 0 13.0 0.0 0.0 100.0
It's connected, we can rock the data!
Iteracja nr:  19
TEMP:  2018 10 12 11 51 20 130.0 130.0 0.0 190.0
HUMI:  2018 10 12 11 51 20 13.0 0.0 0.0 100.0
It's connected, we can rock the data!
Iteracja nr:  20
TEMP:  2018 10 12 11 51 40 130.0 130.0 0.0 190.0
HUMI:  2018 10 12 11 51 40 13.0 0.0 0.0 100.0
It's connected, we can rock the data!
Iteracja nr:  21
TEMP:  2018 10 12 11 52 0 130.0 130.0 0.0 190.0
HUMI:  2018 10 12 11 52 0 13.0 0.0 0.0 100.0
It's connected, we can rock the data!
Iteracja nr:  22
TEMP:  2018 10 12 11 52 20 130.0 130.0 0.0 190.0
HUMI:  2018 10 12 11 52 20 13.0 0.0 0.0 100.0
It's connected, we can rock the data!
Iteracja nr:  23
TEMP:  2018 10 12 11 52 40 130.1 130.0 0.0 190.0
HUMI:  2018 10 12 11 52 40 13.0 0.0 0.0 100.0
It's connected, we can rock the data!
Iteracja nr:  24
TEMP:  2018 10 12 11 53 0 130.0 130.0 0.0 190.0
HUMI:  2018 10 12 11 53 0 13.0 0.0 0.0 100.0
It's connected, we can rock the data!
Iteracja nr:  25
TEMP:  2018 10 12 11 53 20 130.0 130.0 0.0 190.0
HUMI:  2018 10 12 11 53 20 13.0 0.0 0.0 100.0
It's connected, we can rock the data!
Iteracja nr:  26
TEMP:  2018 10 12 11 53 40 130.1 130.0 0.0 190.0
HUMI:  2018 10 12 11 53 40 13.0 0.0 0.0 100.0
It's connected, we can rock the data!
Iteracja nr:  27
TEMP:  2018 10 12 11 54 0 130.0 130.0 0.0 190.0
HUMI:  2018 10 12 11 54 0 13.0 0.0 0.0 100.0
It's connected, we can rock the data!
Iteracja nr:  28
TEMP:  2018 10 12 11 54 20 130.0 130.0 0.0 190.0
HUMI:  2018 10 12 11 54 20 13.0 0.0 0.0 100.0
It's connected, we can rock the data!
Iteracja nr:  29
TEMP:  2018 10 12 11 54 40 130.0 130.0 0.0 190.0
HUMI:  2018 10 12 11 54 40 13.0 0.0 0.0 100.0
It's connected, we can rock the data!
Iteracja nr:  30
TEMP:  2018 10 12 11 55 0 130.1 130.0 0.0 190.0
HUMI:  2018 10 12 11 55 0 13.0 0.0 0.0 100.0
It's connected, we can rock the data!
Iteracja nr:  31
TEMP:  2018 10 12 11 55 20 130.0 130.0 0.0 190.0
HUMI:  2018 10 12 11 55 20 13.0 0.0 0.0 100.0
It's connected, we can rock the data!
Iteracja nr:  32
TEMP:  2018 10 12 11 55 40 130.0 130.0 0.0 190.0
HUMI:  2018 10 12 11 55 40 13.0 0.0 0.0 100.0
It's connected, we can rock the data!
Iteracja nr:  33
TEMP:  2018 10 12 11 56 0 130.0 130.0 0.0 190.0
HUMI:  2018 10 12 11 56 0 13.0 0.0 0.0 100.0
It's connected, we can rock the data!
Iteracja nr:  34
TEMP:  2018 10 12 11 56 20 130.0 130.0 0.0 190.0
HUMI:  2018 10 12 11 56 20 13.0 0.0 0.0 100.0
It's connected, we can rock the data!
Iteracja nr:  35
TEMP:  2018 10 12 11 56 40 130.0 130.0 0.0 190.0
HUMI:  2018 10 12 11 56 40 13.0 0.0 0.0 100.0
It's connected, we can rock the data!
Iteracja nr:  36
TEMP:  2018 10 12 11 57 0 130.0 130.0 0.0 190.0
HUMI:  2018 10 12 11 57 0 13.0 0.0 0.0 100.0
It's connected, we can rock the data!
Iteracja nr:  37
TEMP:  2018 10 12 11 57 20 130.1 130.0 0.0 190.0
HUMI:  2018 10 12 11 57 20 13.0 0.0 0.0 100.0
It's connected, we can rock the data!
Iteracja nr:  38
TEMP:  2018 10 12 11 57 40 130.0 130.0 0.0 190.0
HUMI:  2018 10 12 11 57 40 13.0 0.0 0.0 100.0
It's connected, we can rock the data!
Iteracja nr:  39
TEMP:  2018 10 12 11 58 0 130.0 130.0 0.0 190.0
HUMI:  2018 10 12 11 58 0 13.0 0.0 0.0 100.0
It's connected, we can rock the data!
Iteracja nr:  40
TEMP:  2018 10 12 11 58 20 130.0 130.0 0.0 190.0
HUMI:  2018 10 12 11 58 20 13.0 0.0 0.0 100.0
It's connected, we can rock the data!
Iteracja nr:  41
TEMP:  2018 10 12 11 58 40 130.0 130.0 0.0 190.0
HUMI:  2018 10 12 11 58 40 13.0 0.0 0.0 100.0
It's connected, we can rock the data!
Iteracja nr:  42
TEMP:  2018 10 12 11 59 0 130.0 130.0 0.0 190.0
HUMI:  2018 10 12 11 59 0 13.0 0.0 0.0 100.0
It's connected, we can rock the data!
Iteracja nr:  43
TEMP:  2018 10 12 11 59 20 130.0 130.0 0.0 190.0
HUMI:  2018 10 12 11 59 20 13.0 0.0 0.0 100.0
It's connected, we can rock the data!
Iteracja nr:  44
TEMP:  2018 10 12 11 59 40 130.0 130.0 0.0 190.0
HUMI:  2018 10 12 11 59 40 13.0 0.0 0.0 100.0
It's connected, we can rock the data!
Iteracja nr:  45
Traceback (most recent call last):
  File "/usr/lib/python3/dist-packages/serial/serialposix.py", line 523, in write
    n = os.write(self.fd, d)
OSError: [Errno 5] Input/output error

During handling of the above exception, another exception occurred:

Traceback (most recent call last):
  File "connect.py", line 7, in <module>
    chamber1.update()
  File "/home/debian/projects/chamber/chamberClass.py", line 62, in update
    self.tempTab.append(self.tempData())
  File "/home/debian/projects/chamber/chamberClass.py", line 102, in tempData
    PV, SP, lowVal, maxVal = changeAnsForTable(sendAndReceive(self.ser, self.tempAsk))
  File "/home/debian/projects/chamber/functions.py", line 8, in sendAndReceive
    serialObject.write(bytearray(message, 'utf-8'))
  File "/usr/lib/python3/dist-packages/serial/serialposix.py", line 554, in write
    raise SerialException('write failed: {}'.format(v))
serial.serialutil.SerialException: write failed: [Errno 5] Input/output error
We end work for now, you have your data in files
Connected successfully
It's connected, we can rock the data!
Iteracja nr:  0
TEMP:  2018 10 12 12 5 20 130.0 130.0 0.0 190.0
HUMI:  2018 10 12 12 5 20 13.0 0.0 0.0 100.0
It's connected, we can rock the data!
Iteracja nr:  1
TEMP:  2018 10 12 12 5 40 130.1 130.0 0.0 190.0
HUMI:  2018 10 12 12 5 40 13.0 0.0 0.0 100.0
It's connected, we can rock the data!
Iteracja nr:  2
TEMP:  2018 10 12 12 6 0 130.0 130.0 0.0 190.0
HUMI:  2018 10 12 12 6 0 13.0 0.0 0.0 100.0
It's connected, we can rock the data!
Iteracja nr:  3
TEMP:  2018 10 12 12 6 20 130.0 130.0 0.0 190.0
HUMI:  2018 10 12 12 6 20 13.0 0.0 0.0 100.0
It's connected, we can rock the data!
Iteracja nr:  4
TEMP:  2018 10 12 12 6 40 130.0 130.0 0.0 190.0
HUMI:  2018 10 12 12 6 40 13.0 0.0 0.0 100.0
It's connected, we can rock the data!
Iteracja nr:  5
TEMP:  2018 10 12 12 7 0 130.0 130.0 0.0 190.0
HUMI:  2018 10 12 12 7 0 13.0 0.0 0.0 100.0
It's connected, we can rock the data!
Iteracja nr:  6
TEMP:  2018 10 12 12 7 20 130.0 130.0 0.0 190.0
HUMI:  2018 10 12 12 7 20 13.0 0.0 0.0 100.0
It's connected, we can rock the data!
Iteracja nr:  7
TEMP:  2018 10 12 12 7 40 130.1 130.0 0.0 190.0
HUMI:  2018 10 12 12 7 40 13.0 0.0 0.0 100.0
It's connected, we can rock the data!
Iteracja nr:  8
TEMP:  2018 10 12 12 8 0 130.0 130.0 0.0 190.0
HUMI:  2018 10 12 12 8 0 13.0 0.0 0.0 100.0
It's connected, we can rock the data!
Iteracja nr:  9
TEMP:  2018 10 12 12 8 20 130.0 130.0 0.0 190.0
HUMI:  2018 10 12 12 8 20 13.0 0.0 0.0 100.0
It's connected, we can rock the data!
Iteracja nr:  10
TEMP:  2018 10 12 12 8 40 130.0 130.0 0.0 190.0
HUMI:  2018 10 12 12 8 40 13.0 0.0 0.0 100.0
It's connected, we can rock the data!
Iteracja nr:  11
TEMP:  2018 10 12 12 9 0 130.1 130.0 0.0 190.0
HUMI:  2018 10 12 12 9 0 13.0 0.0 0.0 100.0
It's connected, we can rock the data!
Iteracja nr:  12
TEMP:  2018 10 12 12 9 20 130.0 130.0 0.0 190.0
HUMI:  2018 10 12 12 9 20 13.0 0.0 0.0 100.0
It's connected, we can rock the data!
Iteracja nr:  13
TEMP:  2018 10 12 12 9 40 130.0 130.0 0.0 190.0
HUMI:  2018 10 12 12 9 40 13.0 0.0 0.0 100.0
It's connected, we can rock the data!
Iteracja nr:  14
Traceback (most recent call last):
  File "connect.py", line 7, in <module>
    chamber1.update()
  File "/home/debian/projects/chamber/chamberClass.py", line 62, in update
    self.tempTab.append(self.tempData())
  File "/home/debian/projects/chamber/chamberClass.py", line 102, in tempData
    PV, SP, lowVal, maxVal = changeAnsForTable(sendAndReceive(self.ser, self.tempAsk))
  File "/home/debian/projects/chamber/functions.py", line 59, in changeAnsForTable
    low = retFloatFromString(tempStr)
  File "/home/debian/projects/chamber/functions.py", line 32, in retFloatFromString
    retFloat = float(int(newFirstStr))
ValueError: invalid literal for int() with base 10: 'OFF'
We end work for now, you have your data in files
